2020-12-29 13:52:03.688  INFO 9136 --- [restartedMain] com.liuweiwei.DemoShiroApplication       : Starting DemoShiroApplication on DESKTOP-PPQKOOM with PID 9136 (D:\workspace-idea\springboot-demo\springboot-shiro\target\classes started by Administrator in D:\workspace-idea\springboot-demo)
2020-12-29 13:52:03.694  INFO 9136 --- [restartedMain] com.liuweiwei.DemoShiroApplication       : No active profile set, falling back to default profiles: default
2020-12-29 13:52:03.809  INFO 9136 --- [restartedMain] .e.DevToolsPropertyDefaultsPostProcessor : Devtools property defaults active! Set 'spring.devtools.add-properties' to 'false' to disable
2020-12-29 13:52:03.810  INFO 9136 --- [restartedMain] .e.DevToolsPropertyDefaultsPostProcessor : For additional web related logging consider setting the 'logging.level.web' property to 'DEBUG'
2020-12-29 13:52:05.151  INFO 9136 --- [restartedMain] trationDelegate$BeanPostProcessorChecker : Bean 'webMvcShiroConfig' of type [com.liuweiwei.config.WebMvcShiroConfig$$EnhancerBySpringCGLIB$$64969b8b] is not eligible for getting processed by all BeanPostProcessors (for example: not eligible for auto-proxying)
2020-12-29 13:52:06.426  INFO 9136 --- [restartedMain] trationDelegate$BeanPostProcessorChecker : Bean 'tbLoginServiceImpl' of type [com.liuweiwei.service.impl.TbLoginServiceImpl] is not eligible for getting processed by all BeanPostProcessors (for example: not eligible for auto-proxying)
2020-12-29 13:52:06.427  INFO 9136 --- [restartedMain] trationDelegate$BeanPostProcessorChecker : Bean 'customRealm' of type [com.liuweiwei.component.CustomRealm] is not eligible for getting processed by all BeanPostProcessors (for example: not eligible for auto-proxying)
2020-12-29 13:52:06.434  INFO 9136 --- [restartedMain] trationDelegate$BeanPostProcessorChecker : Bean 'securityManager' of type [org.apache.shiro.web.mgt.DefaultWebSecurityManager] is not eligible for getting processed by all BeanPostProcessors (for example: not eligible for auto-proxying)
2020-12-29 13:52:06.751  INFO 9136 --- [restartedMain] o.s.b.w.embedded.tomcat.TomcatWebServer  : Tomcat initialized with port(s): 8080 (http)
2020-12-29 13:52:06.762  INFO 9136 --- [restartedMain] o.apache.catalina.core.StandardService   : Starting service [Tomcat]
2020-12-29 13:52:06.763  INFO 9136 --- [restartedMain] org.apache.catalina.core.StandardEngine  : Starting Servlet engine: [Apache Tomcat/9.0.30]
2020-12-29 13:52:06.861  INFO 9136 --- [restartedMain] o.a.c.c.C.[Tomcat].[localhost].[/]       : Initializing Spring embedded WebApplicationContext
2020-12-29 13:52:06.862  INFO 9136 --- [restartedMain] o.s.web.context.ContextLoader            : Root WebApplicationContext: initialization completed in 3051 ms
2020-12-29 13:52:07.379  INFO 9136 --- [restartedMain] pertySourcedRequestMappingHandlerMapping : Mapped URL path [/v2/api-docs] onto method [springfox.documentation.swagger2.web.Swagger2Controller#getDocumentation(String, HttpServletRequest)]
2020-12-29 13:52:07.474  INFO 9136 --- [restartedMain] o.s.s.concurrent.ThreadPoolTaskExecutor  : Initializing ExecutorService 'applicationTaskExecutor'
2020-12-29 13:52:07.514  INFO 9136 --- [restartedMain] o.s.b.d.a.OptionalLiveReloadServer       : LiveReload server is running on port 35729
2020-12-29 13:52:07.736  WARN 9136 --- [restartedMain] ion$DefaultTemplateResolverConfiguration : Cannot find template location: classpath:/templates/ (please add some templates or check your Thymeleaf configuration)
2020-12-29 13:52:07.830  INFO 9136 --- [restartedMain] d.s.w.p.DocumentationPluginsBootstrapper : Context refreshed
2020-12-29 13:52:07.860  INFO 9136 --- [restartedMain] d.s.w.p.DocumentationPluginsBootstrapper : Found 1 custom documentation plugin(s)
2020-12-29 13:52:07.908  INFO 9136 --- [restartedMain] s.d.s.w.s.ApiListingReferenceScanner     : Scanning for api listing references
2020-12-29 13:52:08.229  INFO 9136 --- [restartedMain] o.s.b.w.embedded.tomcat.TomcatWebServer  : Tomcat started on port(s): 8080 (http) with context path ''
2020-12-29 13:52:08.237  INFO 9136 --- [restartedMain] com.liuweiwei.DemoShiroApplication       : Started DemoShiroApplication in 5.38 seconds (JVM running for 7.691)
