2020-12-29 13:47:57.240  INFO 14400 --- [restartedMain] com.liuweiwei.DemoShiroApplication       : Starting DemoShiroApplication on DESKTOP-PPQKOOM with PID 14400 (D:\workspace-idea\springboot-demo\springboot-shiro\target\classes started by Administrator in D:\workspace-idea\springboot-demo)
2020-12-29 13:47:57.245  INFO 14400 --- [restartedMain] com.liuweiwei.DemoShiroApplication       : No active profile set, falling back to default profiles: default
2020-12-29 13:47:57.322  INFO 14400 --- [restartedMain] .e.DevToolsPropertyDefaultsPostProcessor : Devtools property defaults active! Set 'spring.devtools.add-properties' to 'false' to disable
2020-12-29 13:47:57.322  INFO 14400 --- [restartedMain] .e.DevToolsPropertyDefaultsPostProcessor : For additional web related logging consider setting the 'logging.level.web' property to 'DEBUG'
2020-12-29 13:47:58.548  INFO 14400 --- [restartedMain] trationDelegate$BeanPostProcessorChecker : Bean 'webMvcShiroConfig' of type [com.liuweiwei.config.WebMvcShiroConfig$$EnhancerBySpringCGLIB$$57a89c8a] is not eligible for getting processed by all BeanPostProcessors (for example: not eligible for auto-proxying)
2020-12-29 13:47:59.746  INFO 14400 --- [restartedMain] trationDelegate$BeanPostProcessorChecker : Bean 'tbLoginServiceImpl' of type [com.liuweiwei.service.impl.TbLoginServiceImpl] is not eligible for getting processed by all BeanPostProcessors (for example: not eligible for auto-proxying)
2020-12-29 13:47:59.747  INFO 14400 --- [restartedMain] trationDelegate$BeanPostProcessorChecker : Bean 'customRealm' of type [com.liuweiwei.component.CustomRealm] is not eligible for getting processed by all BeanPostProcessors (for example: not eligible for auto-proxying)
2020-12-29 13:47:59.751  INFO 14400 --- [restartedMain] trationDelegate$BeanPostProcessorChecker : Bean 'securityManager' of type [org.apache.shiro.web.mgt.DefaultWebSecurityManager] is not eligible for getting processed by all BeanPostProcessors (for example: not eligible for auto-proxying)
2020-12-29 13:48:00.055  INFO 14400 --- [restartedMain] o.s.b.w.embedded.tomcat.TomcatWebServer  : Tomcat initialized with port(s): 8080 (http)
2020-12-29 13:48:00.068  INFO 14400 --- [restartedMain] o.apache.catalina.core.StandardService   : Starting service [Tomcat]
2020-12-29 13:48:00.068  INFO 14400 --- [restartedMain] org.apache.catalina.core.StandardEngine  : Starting Servlet engine: [Apache Tomcat/9.0.30]
2020-12-29 13:48:00.163  INFO 14400 --- [restartedMain] o.a.c.c.C.[Tomcat].[localhost].[/]       : Initializing Spring embedded WebApplicationContext
2020-12-29 13:48:00.164  INFO 14400 --- [restartedMain] o.s.web.context.ContextLoader            : Root WebApplicationContext: initialization completed in 2841 ms
2020-12-29 13:48:00.573  INFO 14400 --- [restartedMain] pertySourcedRequestMappingHandlerMapping : Mapped URL path [/v2/api-docs] onto method [springfox.documentation.swagger2.web.Swagger2Controller#getDocumentation(String, HttpServletRequest)]
2020-12-29 13:48:00.660  INFO 14400 --- [restartedMain] o.s.s.concurrent.ThreadPoolTaskExecutor  : Initializing ExecutorService 'applicationTaskExecutor'
2020-12-29 13:48:00.699  INFO 14400 --- [restartedMain] o.s.b.d.a.OptionalLiveReloadServer       : LiveReload server is running on port 35729
2020-12-29 13:48:00.854  WARN 14400 --- [restartedMain] ion$DefaultTemplateResolverConfiguration : Cannot find template location: classpath:/templates/ (please add some templates or check your Thymeleaf configuration)
2020-12-29 13:48:00.919  INFO 14400 --- [restartedMain] d.s.w.p.DocumentationPluginsBootstrapper : Context refreshed
2020-12-29 13:48:00.939  INFO 14400 --- [restartedMain] d.s.w.p.DocumentationPluginsBootstrapper : Found 1 custom documentation plugin(s)
2020-12-29 13:48:00.970  INFO 14400 --- [restartedMain] s.d.s.w.s.ApiListingReferenceScanner     : Scanning for api listing references
2020-12-29 13:48:01.186  INFO 14400 --- [restartedMain] o.s.b.w.embedded.tomcat.TomcatWebServer  : Tomcat started on port(s): 8080 (http) with context path ''
2020-12-29 13:48:01.190  INFO 14400 --- [restartedMain] com.liuweiwei.DemoShiroApplication       : Started DemoShiroApplication in 4.554 seconds (JVM running for 6.655)
